<?xml version="1.0" encoding="UTF-8"?>
<!-- Generated by org.testng.reporters.JUnitReportReporter -->
<testsuite hostname="P-142" failures="0" tests="1" name="AutomationEx.AutoExSuite" time="18.134" errors="0" timestamp="2024-01-10T12:46:15 IST" skipped="0">
  <testcase classname="AutomationEx.AutoExSuite" name="main" time="18.134"/>
</testsuite> <!-- AutomationEx.AutoExSuite -->
