<?xml version="1.0" encoding="UTF-8"?>
<!-- Generated by org.testng.reporters.JUnitReportReporter -->
<testsuite hostname="P-142" failures="0" tests="3" name="SL_PageObjects.LoginPageTest" time="26.996" errors="0" timestamp="2024-02-12T14:39:24 IST" skipped="0">
  <testcase classname="SL_PageObjects.LoginPageTest" name="validCheck" time="10.030"/>
  <system-out/>
  <testcase classname="SL_PageObjects.LoginPageTest" name="invalidCredentialCheck" time="11.592"/>
  <system-out/>
  <testcase classname="SL_PageObjects.LoginPageTest" name="verifyLoginPageElements" time="5.374"/>
  <system-out/>
</testsuite> <!-- SL_PageObjects.LoginPageTest -->
