<?xml version="1.0" encoding="UTF-8"?>
<!-- Generated by org.testng.reporters.JUnitReportReporter -->
<testsuite hostname="P-142" failures="0" tests="3" name="SL_PageObjects.OrangeMethods" time="35.835" errors="0" timestamp="2024-02-11T14:07:54 IST" skipped="0">
  <testcase classname="SL_PageObjects.OrangeMethods" name="validCheck" time="14.646"/>
  <system-out/>
  <testcase classname="SL_PageObjects.OrangeMethods" name="invalidCredentialCheck" time="12.947"/>
  <system-out/>
  <testcase classname="SL_PageObjects.OrangeMethods" name="verifyLoginPageElements" time="8.242"/>
  <system-out/>
</testsuite> <!-- SL_PageObjects.OrangeMethods -->
