<?xml version="1.0" encoding="UTF-8"?>
<!-- Generated by org.testng.reporters.JUnitReportReporter -->
<testsuite hostname="P-142" failures="0" tests="2" name="OrangeHr.OrangeMethods" time="24.672" errors="0" timestamp="2024-02-10T22:04:25 IST" skipped="0">
  <testcase classname="OrangeHr.OrangeMethods" name="validCheck" time="10.281"/>
  <testcase classname="OrangeHr.OrangeMethods" name="invalidCredentialCheck" time="14.391"/>
</testsuite> <!-- OrangeHr.OrangeMethods -->
