<?xml version="1.0" encoding="UTF-8"?>
<!-- Generated by org.testng.reporters.JUnitReportReporter -->
<testsuite hostname="RAJAT" failures="0" tests="3" name="SL_Suite.LoginPageTest" time="34.121" errors="0" timestamp="2024-06-28T03:55:43 IST" skipped="0">
  <testcase classname="SL_Suite.LoginPageTest" name="validCheck" time="13.321"/>
  <system-out/>
  <testcase classname="SL_Suite.LoginPageTest" name="invalidCredentialCheck" time="14.018"/>
  <system-out/>
  <testcase classname="SL_Suite.LoginPageTest" name="verifyLoginPageElements" time="6.782"/>
  <system-out/>
</testsuite> <!-- SL_Suite.LoginPageTest -->
