<?xml version="1.0" encoding="UTF-8"?>
<!-- Generated by org.testng.reporters.JUnitReportReporter -->
<testsuite hostname="P-142" failures="0" tests="2" name="SauceLabPageObjects.OrangeMethods" time="23.632" errors="0" timestamp="2024-02-10T22:28:30 IST" skipped="0">
  <testcase classname="SauceLabPageObjects.OrangeMethods" name="validCheck" time="9.861"/>
  <system-out/>
  <testcase classname="SauceLabPageObjects.OrangeMethods" name="invalidCredentialCheck" time="13.771"/>
  <system-out/>
</testsuite> <!-- SauceLabPageObjects.OrangeMethods -->
