<?xml version="1.0" encoding="UTF-8"?>
<!-- Generated by org.testng.reporters.JUnitReportReporter -->
<testsuite hostname="P-142" failures="0" tests="1" name="Interview.ConnectionSetUp" time="10.246" errors="0" timestamp="2024-02-07T15:30:46 IST" skipped="0">
  <testcase classname="Interview.ConnectionSetUp" name="connection" time="10.246"/>
</testsuite> <!-- Interview.ConnectionSetUp -->
